Using pre-set license
Built from '2021.3/staging' branch; Version is '2021.3.2f1 (d6360bedb9a0) revision 14038539'; Using compiler version '192829333'; Build Type 'Release'
OS: 'Windows 10  (10.0.19044) 64bit Professional' Language: 'en' Physical Memory: 7964 MB
BatchMode: 1, IsHumanControllingUs: 0, StartBugReporterOnCrash: 0, Is64bit: 1, IsPro: 1

COMMAND LINE ARGUMENTS:
C:\Program Files\Unity\Hub\Editor\2021.3.2f1\Editor\Unity.exe
-adb2
-batchMode
-noUpm
-name
AssetImportWorker1
-projectPath
C:/Users/USER/Cut Grass Game
-logFile
Logs/AssetImportWorker1.log
-srvPort
59522
Successfully changed project path to: C:/Users/USER/Cut Grass Game
C:/Users/USER/Cut Grass Game
[UnityMemory] Configuration Parameters - Can be set up in boot.config
    "memorysetup-bucket-allocator-granularity=16"
    "memorysetup-bucket-allocator-bucket-count=8"
    "memorysetup-bucket-allocator-block-size=33554432"
    "memorysetup-bucket-allocator-block-count=8"
    "memorysetup-main-allocator-block-size=16777216"
    "memorysetup-thread-allocator-block-size=16777216"
    "memorysetup-gfx-main-allocator-block-size=16777216"
    "memorysetup-gfx-thread-allocator-block-size=16777216"
    "memorysetup-cache-allocator-block-size=4194304"
    "memorysetup-typetree-allocator-block-size=2097152"
    "memorysetup-profiler-bucket-allocator-granularity=16"
    "memorysetup-profiler-bucket-allocator-bucket-count=8"
    "memorysetup-profiler-bucket-allocator-block-size=33554432"
    "memorysetup-profiler-bucket-allocator-block-count=8"
    "memorysetup-profiler-allocator-block-size=16777216"
    "memorysetup-profiler-editor-allocator-block-size=1048576"
    "memorysetup-temp-allocator-size-main=16777216"
    "memorysetup-job-temp-allocator-block-size=2097152"
    "memorysetup-job-temp-allocator-block-size-background=1048576"
    "memorysetup-job-temp-allocator-reduction-small-platforms=262144"
    "memorysetup-temp-allocator-size-background-worker=32768"
    "memorysetup-temp-allocator-size-job-worker=262144"
    "memorysetup-temp-allocator-size-preload-manager=33554432"
    "memorysetup-temp-allocator-size-nav-mesh-worker=65536"
    "memorysetup-temp-allocator-size-audio-worker=65536"
    "memorysetup-temp-allocator-size-cloud-worker=32768"
    "memorysetup-temp-allocator-size-gi-baking-worker=262144"
    "memorysetup-temp-allocator-size-gfx=262144"
Refreshing native plugins compatible for Editor in 124.39 ms, found 4 plugins.
Preloading 0 native plugins for Editor in 0.00 ms.
Initialize engine version: 2021.3.2f1 (d6360bedb9a0)
[Subsystems] Discovering subsystems at path C:/Program Files/Unity/Hub/Editor/2021.3.2f1/Editor/Data/Resources/UnitySubsystems
[Subsystems] Discovering subsystems at path C:/Users/USER/Cut Grass Game/Assets
GfxDevice: creating device client; threaded=0; jobified=0
Direct3D:
    Version:  Direct3D 11.0 [level 11.1]
    Renderer: Intel(R) UHD Graphics 770 (ID=0x4680)
    Vendor:   Intel
    VRAM:     3982 MB
    Driver:   30.0.101.1002
Initialize mono
Mono path[0] = 'C:/Program Files/Unity/Hub/Editor/2021.3.2f1/Editor/Data/Managed'
Mono path[1] = 'C:/Program Files/Unity/Hub/Editor/2021.3.2f1/Editor/Data/MonoBleedingEdge/lib/mono/unityjit-win32'
Mono config path = 'C:/Program Files/Unity/Hub/Editor/2021.3.2f1/Editor/Data/MonoBleedingEdge/etc'
Using monoOptions --debugger-agent=transport=dt_socket,embedding=1,server=y,suspend=n,address=127.0.0.1:56656
Begin MonoManager ReloadAssembly
Registering precompiled unity dll's ...
Register platform support module: C:/Program Files/Unity/Hub/Editor/2021.3.2f1/Editor/Data/PlaybackEngines/WebGLSupport/UnityEditor.WebGL.Extensions.dll
Register platform support module: C:/Program Files/Unity/Hub/Editor/2021.3.2f1/Editor/Data/PlaybackEngines/AndroidPlayer/UnityEditor.Android.Extensions.dll
Register platform support module: C:/Program Files/Unity/Hub/Editor/2021.3.2f1/Editor/Data/PlaybackEngines/WindowsStandaloneSupport/UnityEditor.WindowsStandalone.Extensions.dll
Registered in 0.008820 seconds.
Native extension for WindowsStandalone target not found
Native extension for Android target not found
Native extension for WebGL target not found
Refreshing native plugins compatible for Editor in 114.42 ms, found 4 plugins.
Preloading 0 native plugins for Editor in 0.00 ms.
Mono: successfully reloaded assembly
- Completed reload, in  0.754 seconds
Domain Reload Profiling:
	ReloadAssembly (754ms)
		BeginReloadAssembly (86ms)
			ExecutionOrderSort (0ms)
			DisableScriptedObjects (0ms)
			BackupInstance (0ms)
			ReleaseScriptingObjects (0ms)
			CreateAndSetChildDomain (0ms)
		EndReloadAssembly (545ms)
			LoadAssemblies (85ms)
			RebuildTransferFunctionScriptingTraits (0ms)
			SetupTypeCache (117ms)
			ReleaseScriptCaches (0ms)
			RebuildScriptCaches (30ms)
			SetupLoadedEditorAssemblies (340ms)
				LogAssemblyErrors (0ms)
				InitializePlatformSupportModulesInManaged (65ms)
				SetLoadedEditorAssemblies (0ms)
				RefreshPlugins (115ms)
				BeforeProcessingInitializeOnLoad (2ms)
				ProcessInitializeOnLoadAttributes (109ms)
				ProcessInitializeOnLoadMethodAttributes (50ms)
				AfterProcessingInitializeOnLoad (0ms)
				EditorAssembliesLoaded (0ms)
			ExecutionOrderSort2 (0ms)
			AwakeInstancesAfterBackupRestoration (0ms)
Platform modules already initialized, skipping
Registering precompiled user dll's ...
Registered in 0.008523 seconds.
Begin MonoManager ReloadAssembly
Symbol file LoadedFromMemory doesn't match image C:\Users\USER\Cut Grass Game\Library\PackageCache\com.unity.visualscripting@1.7.6\Editor\VisualScripting.Core\Dependencies\YamlDotNet\Unity.VisualScripting.YamlDotNet.dll
Symbol file LoadedFromMemory doesn't match image C:\Users\USER\Cut Grass Game\Library\PackageCache\com.unity.visualscripting@1.7.6\Editor\VisualScripting.Core\Dependencies\DotNetZip\Unity.VisualScripting.IonicZip.dll
Native extension for WindowsStandalone target not found
Native extension for Android target not found
Native extension for WebGL target not found
Refreshing native plugins compatible for Editor in 114.17 ms, found 4 plugins.
Preloading 0 native plugins for Editor in 0.00 ms.
Mono: successfully reloaded assembly
- Completed reload, in  1.430 seconds
Domain Reload Profiling:
	ReloadAssembly (1431ms)
		BeginReloadAssembly (248ms)
			ExecutionOrderSort (0ms)
			DisableScriptedObjects (6ms)
			BackupInstance (0ms)
			ReleaseScriptingObjects (0ms)
			CreateAndSetChildDomain (142ms)
		EndReloadAssembly (1046ms)
			LoadAssemblies (101ms)
			RebuildTransferFunctionScriptingTraits (0ms)
			SetupTypeCache (278ms)
			ReleaseScriptCaches (1ms)
			RebuildScriptCaches (69ms)
			SetupLoadedEditorAssemblies (547ms)
				LogAssemblyErrors (0ms)
				InitializePlatformSupportModulesInManaged (17ms)
				SetLoadedEditorAssemblies (0ms)
				RefreshPlugins (114ms)
				BeforeProcessingInitializeOnLoad (124ms)
				ProcessInitializeOnLoadAttributes (239ms)
				ProcessInitializeOnLoadMethodAttributes (45ms)
				AfterProcessingInitializeOnLoad (8ms)
				EditorAssembliesLoaded (0ms)
			ExecutionOrderSort2 (0ms)
			AwakeInstancesAfterBackupRestoration (6ms)
Platform modules already initialized, skipping
========================================================================
Worker process is ready to serve import requests
Launched and connected shader compiler UnityShaderCompiler.exe after 0.05 seconds
Refreshing native plugins compatible for Editor in 0.52 ms, found 4 plugins.
Preloading 0 native plugins for Editor in 0.00 ms.
Unloading 4048 Unused Serialized files (Serialized files now loaded: 0)
Unloading 43 unused Assets / (225.5 KB). Loaded Objects now: 4500.
Memory consumption went from 150.8 MB to 150.5 MB.
Total: 2.939500 ms (FindLiveObjects: 0.433600 ms CreateObjectMapping: 0.222800 ms MarkObjects: 2.156600 ms  DeleteObjects: 0.125600 ms)

AssetImportParameters requested are different than current active one (requested -> active):
  custom:video-decoder-ogg-theora: a1e56fd34408186e4bbccfd4996cb3dc -> 
  custom:container-muxer-webm: aa71ff27fc2769a1b78a27578f13a17b -> 
  custom:container-demuxer-webm: 4f35f7cbe854078d1ac9338744f61a02 -> 
  custom:video-encoder-webm-vp8: eb34c28f22e8b96e1ab97ce403110664 -> 
  custom:audio-encoder-webm-vorbis: bf7c407c2cedff20999df2af8eb42d56 -> 
  custom:framework-win-MediaFoundation: 216162199b28c13a410421893ffa2e32 -> 
  custom:container-demuxer-ogg: 62fdf1f143b41e24485cea50d1cbac27 -> 
  custom:video-decoder-webm-vp8: 9c59270c3fd7afecdb556c50c9e8de78 -> 
  custom:audio-decoder-ogg-vorbis: bf7c407c2cedff20999df2af8eb42d56 -> 
========================================================================
Received Import Request.
  Time since last request: 44421.864336 seconds.
  path: Assets/Graphics/Level Clearing Video Skin Setting Cutout/002.png
  artifactKey: Guid(fd651590ff30c7043b48cf127cc1af2f) Importer(815301076,1909f56bfc062723c751e8b465ee728b)
Start importing Assets/Graphics/Level Clearing Video Skin Setting Cutout/002.png using Guid(fd651590ff30c7043b48cf127cc1af2f) Importer(815301076,1909f56bfc062723c751e8b465ee728b)  -> (artifact id: 'b80d5841aec80f7a38ef772c79085074') in 0.150454 seconds 
========================================================================
Received Import Request.
  Time since last request: 0.000037 seconds.
  path: Assets/Graphics/Level Clearing Video Skin Setting Cutout/关卡.jpg
  artifactKey: Guid(fa5410d05b71fb645818a28e02f199e6) Importer(815301076,1909f56bfc062723c751e8b465ee728b)
Start importing Assets/Graphics/Level Clearing Video Skin Setting Cutout/关卡.jpg using Guid(fa5410d05b71fb645818a28e02f199e6) Importer(815301076,1909f56bfc062723c751e8b465ee728b)  -> (artifact id: 'a510e8cb3c3cda261d0d7db596bb1aca') in 0.195529 seconds 
========================================================================
Received Import Request.
  Time since last request: 0.000032 seconds.
  path: Assets/Graphics/Level Clearing Video Skin Setting Cutout/30.png
  artifactKey: Guid(7c008cdab5b32914bb80229a8e255e88) Importer(815301076,1909f56bfc062723c751e8b465ee728b)
Start importing Assets/Graphics/Level Clearing Video Skin Setting Cutout/30.png using Guid(7c008cdab5b32914bb80229a8e255e88) Importer(815301076,1909f56bfc062723c751e8b465ee728b)  -> (artifact id: '329a536a4601cbd805f6d78db4f9a0ba') in 0.055236 seconds 
========================================================================
Received Import Request.
  Time since last request: 0.000034 seconds.
  path: Assets/Graphics/Level Clearing Video Skin Setting Cutout/027.png
  artifactKey: Guid(a1bc7c24e7e2b724889ffdea88c4cf70) Importer(815301076,1909f56bfc062723c751e8b465ee728b)
Start importing Assets/Graphics/Level Clearing Video Skin Setting Cutout/027.png using Guid(a1bc7c24e7e2b724889ffdea88c4cf70) Importer(815301076,1909f56bfc062723c751e8b465ee728b)  -> (artifact id: '42eb926cba595cc2c50a3c4fc80650eb') in 0.015027 seconds 
========================================================================
Received Import Request.
  Time since last request: 0.000028 seconds.
  path: Assets/Graphics/Level Clearing Video Skin Setting Cutout/019.png
  artifactKey: Guid(6b9f61ea4e7c889438544742d0e1bbc6) Importer(815301076,1909f56bfc062723c751e8b465ee728b)
Start importing Assets/Graphics/Level Clearing Video Skin Setting Cutout/019.png using Guid(6b9f61ea4e7c889438544742d0e1bbc6) Importer(815301076,1909f56bfc062723c751e8b465ee728b)  -> (artifact id: '518a2947aacc94f31caf109f8e1ab983') in 0.021739 seconds 
========================================================================
Received Import Request.
  Time since last request: 0.000036 seconds.
  path: Assets/Graphics/Level Clearing Video Skin Setting Cutout/31.png
  artifactKey: Guid(4bf82df1557a55e43970f85f1e58f202) Importer(815301076,1909f56bfc062723c751e8b465ee728b)
Start importing Assets/Graphics/Level Clearing Video Skin Setting Cutout/31.png using Guid(4bf82df1557a55e43970f85f1e58f202) Importer(815301076,1909f56bfc062723c751e8b465ee728b)  -> (artifact id: '55af2ac62bfd014b6c123e5f1e71f373') in 0.019898 seconds 
========================================================================
Received Import Request.
  Time since last request: 0.000058 seconds.
  path: Assets/Graphics/Level Clearing Video Skin Setting Cutout/007.png
  artifactKey: Guid(1ca34e48ac61ec34d829cbe35fa1d286) Importer(815301076,1909f56bfc062723c751e8b465ee728b)
Start importing Assets/Graphics/Level Clearing Video Skin Setting Cutout/007.png using Guid(1ca34e48ac61ec34d829cbe35fa1d286) Importer(815301076,1909f56bfc062723c751e8b465ee728b)  -> (artifact id: 'a15492ab40006bb91c59c3d3248512de') in 0.014522 seconds 
========================================================================
Received Import Request.
  Time since last request: 0.000031 seconds.
  path: Assets/Graphics/Level Clearing Video Skin Setting Cutout/024.png
  artifactKey: Guid(d494c683c73d4044babf6cd184aa5ed1) Importer(815301076,1909f56bfc062723c751e8b465ee728b)
Start importing Assets/Graphics/Level Clearing Video Skin Setting Cutout/024.png using Guid(d494c683c73d4044babf6cd184aa5ed1) Importer(815301076,1909f56bfc062723c751e8b465ee728b)  -> (artifact id: '2160f9d8cdf4e4b6933c6b3d3280907e') in 0.014539 seconds 
========================================================================
Received Import Request.
  Time since last request: 0.000041 seconds.
  path: Assets/Graphics/Level Clearing Video Skin Setting Cutout/029.png
  artifactKey: Guid(836cebe837a68bb40bf1446d2d3c811b) Importer(815301076,1909f56bfc062723c751e8b465ee728b)
Start importing Assets/Graphics/Level Clearing Video Skin Setting Cutout/029.png using Guid(836cebe837a68bb40bf1446d2d3c811b) Importer(815301076,1909f56bfc062723c751e8b465ee728b)  -> (artifact id: 'eef079c2eb4b79fd2b2610405bad4ba3') in 0.016692 seconds 
========================================================================
Received Import Request.
  Time since last request: 0.000034 seconds.
  path: Assets/Graphics/Level Clearing Video Skin Setting Cutout/012.png
  artifactKey: Guid(d18e829a740d08b418f120055c668da1) Importer(815301076,1909f56bfc062723c751e8b465ee728b)
Start importing Assets/Graphics/Level Clearing Video Skin Setting Cutout/012.png using Guid(d18e829a740d08b418f120055c668da1) Importer(815301076,1909f56bfc062723c751e8b465ee728b)  -> (artifact id: '799cd45d004fba2b6fdc4d47ce02587d') in 0.021633 seconds 
========================================================================
Received Import Request.
  Time since last request: 0.000081 seconds.
  path: Assets/Graphics/Level Clearing Video Skin Setting Cutout/020.png
  artifactKey: Guid(1ea76d8b758b42a41962ebfce6fd5d75) Importer(815301076,1909f56bfc062723c751e8b465ee728b)
Start importing Assets/Graphics/Level Clearing Video Skin Setting Cutout/020.png using Guid(1ea76d8b758b42a41962ebfce6fd5d75) Importer(815301076,1909f56bfc062723c751e8b465ee728b)  -> (artifact id: 'f0da0494462703eb76735f647ded8947') in 0.021539 seconds 
========================================================================
Received Import Request.
  Time since last request: 0.000044 seconds.
  path: Assets/Graphics/Level Clearing Video Skin Setting Cutout/015.png
  artifactKey: Guid(5ca20324083a458488d2f1de537519f7) Importer(815301076,1909f56bfc062723c751e8b465ee728b)
Start importing Assets/Graphics/Level Clearing Video Skin Setting Cutout/015.png using Guid(5ca20324083a458488d2f1de537519f7) Importer(815301076,1909f56bfc062723c751e8b465ee728b)  -> (artifact id: 'ad2a36a21ba9d85dfabf94fbb56f4ed7') in 0.021674 seconds 
========================================================================
Received Import Request.
  Time since last request: 0.000050 seconds.
  path: Assets/Graphics/Level Clearing Video Skin Setting Cutout/33.png
  artifactKey: Guid(36bcb4fbc0a1ac5448ffee39e407939b) Importer(815301076,1909f56bfc062723c751e8b465ee728b)
Start importing Assets/Graphics/Level Clearing Video Skin Setting Cutout/33.png using Guid(36bcb4fbc0a1ac5448ffee39e407939b) Importer(815301076,1909f56bfc062723c751e8b465ee728b)  -> (artifact id: '028581f6c6caa7c03dd4b06740d6affc') in 0.019165 seconds 
========================================================================
Received Import Request.
  Time since last request: 0.000063 seconds.
  path: Assets/Graphics/Level Clearing Video Skin Setting Cutout/换皮肤.jpg
  artifactKey: Guid(28ec45eb7a847824aa070190d21ae977) Importer(815301076,1909f56bfc062723c751e8b465ee728b)
Start importing Assets/Graphics/Level Clearing Video Skin Setting Cutout/换皮肤.jpg using Guid(28ec45eb7a847824aa070190d21ae977) Importer(815301076,1909f56bfc062723c751e8b465ee728b)  -> (artifact id: '056468e2163c48d4ee3be1b070fa733f') in 0.180917 seconds 
========================================================================
Received Import Request.
  Time since last request: 0.000054 seconds.
  path: Assets/Graphics/Level Clearing Video Skin Setting Cutout/005.png
  artifactKey: Guid(894bef203bd91934c9beb783fa63d183) Importer(815301076,1909f56bfc062723c751e8b465ee728b)
Start importing Assets/Graphics/Level Clearing Video Skin Setting Cutout/005.png using Guid(894bef203bd91934c9beb783fa63d183) Importer(815301076,1909f56bfc062723c751e8b465ee728b)  -> (artifact id: '6b33a2b4d3f149c4ec8a944c5ad5dc81') in 0.052810 seconds 
========================================================================
Received Import Request.
  Time since last request: 0.000041 seconds.
  path: Assets/Graphics/Level Clearing Video Skin Setting Cutout/006.png
  artifactKey: Guid(15d07d3b2e14d024b92d26441465b8cb) Importer(815301076,1909f56bfc062723c751e8b465ee728b)
Start importing Assets/Graphics/Level Clearing Video Skin Setting Cutout/006.png using Guid(15d07d3b2e14d024b92d26441465b8cb) Importer(815301076,1909f56bfc062723c751e8b465ee728b)  -> (artifact id: '477c140edee3d7b8d5d92ba623123b25') in 0.018798 seconds 
========================================================================
Received Import Request.
  Time since last request: 0.000026 seconds.
  path: Assets/Graphics/Level Clearing Video Skin Setting Cutout/设置.jpg
  artifactKey: Guid(aa01e1c3f3e2ea844bf62f96969ebae5) Importer(815301076,1909f56bfc062723c751e8b465ee728b)
Start importing Assets/Graphics/Level Clearing Video Skin Setting Cutout/设置.jpg using Guid(aa01e1c3f3e2ea844bf62f96969ebae5) Importer(815301076,1909f56bfc062723c751e8b465ee728b)  -> (artifact id: '922d6b975a9b93391b119262ba2a2f10') in 0.141429 seconds 
Editor requested this worker to shutdown with reason: Scaling down because of idle timeout
AssetImportWorker is now disconnected from the server
Process exiting
Exiting without the bug reporter. Application will terminate with return code 0